./alembic/versions/aca23a693098_sync_aiquestionbank_schema_with_model_.py:46: SyntaxWarning: invalid escape sequence '\d'
  postgresql_using='CASE WHEN difficulty_level ~ \'^\d+$\' THEN difficulty_level::integer ELSE 5 END')
api/clients/aws_client.py:5: error: Skipping analyzing "boto3": module is installed, but missing library stubs or py.typed marker  [import-untyped]
api/clients/aws_client.py:6: error: Skipping analyzing "botocore.exceptions": module is installed, but missing library stubs or py.typed marker  [import-untyped]
api/clients/aws_client.py:6: note: See https://mypy.readthedocs.io/en/stable/running_mypy.html#missing-imports
api/clients/google_workspace_client.py:24: error: Skipping analyzing "googleapiclient.discovery": module is installed, but missing library stubs or py.typed marker  [import-untyped]
api/clients/google_workspace_client.py:25: error: Skipping analyzing "googleapiclient.errors": module is installed, but missing library stubs or py.typed marker  [import-untyped]
api/dependencies/auth.py:13: error: Library stubs not installed for "jose"  [import-untyped]
api/dependencies/auth.py:13: note: Hint: "python3 -m pip install types-python-jose"
api/dependencies/auth.py:14: error: Library stubs not installed for "passlib.context"  [import-untyped]
api/dependencies/auth.py:14: note: Hint: "python3 -m pip install types-passlib"
api/dependencies/auth.py:14: note: (or run "mypy --install-types" to install all missing stub packages)
api/integrations/google_workspace_integration.py:13: error: Skipping analyzing "googleapiclient.discovery": module is installed, but missing library stubs or py.typed marker  [import-untyped]
api/integrations/google_workspace_integration.py:14: error: Skipping analyzing "googleapiclient.errors": module is installed, but missing library stubs or py.typed marker  [import-untyped]
api/routers/test_utils.py:123: error: Cannot find implementation or library stub for module named "api.auth.security"  [import-not-found]
api/utils/validators.py:3: error: Library stubs not installed for "bleach"  [import-untyped]
api/utils/validators.py:3: note: Hint: "python3 -m pip install types-bleach"
api/auth.py:12: error: Library stubs not installed for "jose"  [import-untyped]
api/auth.py:13: error: Library stubs not installed for "passlib.context"  [import-untyped]
config/langsmith_config.py:188: error: Cannot find implementation or library stub for module named "langchain_core.tracers.context"  [import-not-found]
config/performance_profiler.py:9: error: Library stubs not installed for "psutil"  [import-untyped]
config/performance_profiler.py:9: note: Hint: "python3 -m pip install types-psutil"
config/tracing.py:11: error: Cannot find implementation or library stub for module named "opentelemetry"  [import-not-found]
config/tracing.py:12: error: Cannot find implementation or library stub for module named "opentelemetry.exporter.jaeger.thrift"  [import-not-found]
config/tracing.py:13: error: Cannot find implementation or library stub for module named "opentelemetry.exporter.otlp.proto.grpc.trace_exporter"  [import-not-found]
config/tracing.py:14: error: Cannot find implementation or library stub for module named "opentelemetry.instrumentation.fastapi"  [import-not-found]
config/tracing.py:15: error: Cannot find implementation or library stub for module named "opentelemetry.instrumentation.requests"  [import-not-found]
config/tracing.py:16: error: Cannot find implementation or library stub for module named "opentelemetry.instrumentation.sqlalchemy"  [import-not-found]
config/tracing.py:17: error: Cannot find implementation or library stub for module named "opentelemetry.instrumentation.redis"  [import-not-found]
config/tracing.py:18: error: Cannot find implementation or library stub for module named "opentelemetry.instrumentation.celery"  [import-not-found]
config/tracing.py:19: error: Cannot find implementation or library stub for module named "opentelemetry.sdk.trace"  [import-not-found]
config/tracing.py:20: error: Cannot find implementation or library stub for module named "opentelemetry.sdk.trace.export"  [import-not-found]
config/tracing.py:21: error: Cannot find implementation or library stub for module named "opentelemetry.sdk.metrics"  [import-not-found]
config/tracing.py:22: error: Cannot find implementation or library stub for module named "opentelemetry.sdk.resources"  [import-not-found]
config/tracing.py:23: error: Cannot find implementation or library stub for module named "opentelemetry.propagate"  [import-not-found]
config/tracing.py:24: error: Cannot find implementation or library stub for module named "opentelemetry.propagators.b3"  [import-not-found]
database/migrations/env.py:10: error: Cannot find implementation or library stub for module named "database.base"  [import-not-found]
database/ai_cost_models.py:15: error: Cannot find implementation or library stub for module named "database.base"  [import-not-found]
frontend/validate-auth-flow.py:7: error: Library stubs not installed for "requests"  [import-untyped]
frontend/validate-auth-flow.py:7: note: Hint: "python3 -m pip install types-requests"
historical/debugging_scripts/check_jwt_config.py:79: error: Library stubs not installed for "jose"  [import-untyped]
historical/debugging_scripts/debug_jwt.py:25: error: Library stubs not installed for "jose"  [import-untyped]
historical/debugging_scripts/direct_jwt_test.py:13: error: Library stubs not installed for "jose"  [import-untyped]
historical/debugging_scripts/jwt_auth_debug_suite.py:14: error: Library stubs not installed for "requests"  [import-untyped]
historical/debugging_scripts/jwt_auth_debug_suite.py:37: error: Library stubs not installed for "jose"  [import-untyped]
historical/debugging_scripts/jwt_test_server.py:8: error: Library stubs not installed for "jose"  [import-untyped]
historical/debugging_scripts/simple_jwt_test.py:10: error: Library stubs not installed for "requests"  [import-untyped]
historical/debugging_scripts/simple_jwt_test.py:13: error: Library stubs not installed for "jose"  [import-untyped]
historical/debugging_scripts/verify_jwt_fix.py:42: error: Library stubs not installed for "jose"  [import-untyped]
historical/debugging_scripts/verify_jwt_fix.py:90: error: Library stubs not installed for "requests"  [import-untyped]
historical/migration_scripts/run_tests_chunked.py:27: error: Library stubs not installed for "psutil"  [import-untyped]
historical/temporary_files/validate_production.py:10: error: Library stubs not installed for "requests"  [import-untyped]
historical/test_configs/conftest_old.py:7: error: Cannot find implementation or library stub for module named "tests.conftest_hybrid"  [import-not-found]
historical/test_scripts_additional/ai_assessment_test.py:1: error: Library stubs not installed for "requests"  [import-untyped]
historical/test_scripts_additional/ai_assessment_test.py:8: error: Library stubs not installed for "jose"  [import-untyped]
historical/test_scripts_additional/ai_assessment_test_fixed.py:1: error: Library stubs not installed for "requests"  [import-untyped]
historical/test_scripts_additional/ai_assessment_test_fixed.py:9: error: Library stubs not installed for "jose"  [import-untyped]
historical/test_scripts_additional/test_ab_testing.py:10: error: Cannot find implementation or library stub for module named "numpy"  [import-not-found]
historical/test_scripts_additional/test_statistical_analysis.py:10: error: Cannot find implementation or library stub for module named "numpy"  [import-not-found]
historical/test_scripts_additional/test_statistical_analysis.py:11: error: Library stubs not installed for "scipy"  [import-untyped]
historical/test_scripts_additional/test_statistical_analysis.py:12: error: Library stubs not installed for "scipy.stats"  [import-untyped]
historical/test_scripts_additional/test_statistical_analysis.py:12: note: Hint: "python3 -m pip install scipy-stubs"
langgraph_agent/agents/__init__.py:46: error: Cannot find implementation or library stub for module named "agents.observability"  [import-not-found]
langgraph_agent/agents/agent_core.py:14: error: Cannot find implementation or library stub for module named "langchain_core.messages"  [import-not-found]
langgraph_agent/agents/agent_core.py:15: error: Cannot find implementation or library stub for module named "langchain_core.runnables"  [import-not-found]
langgraph_agent/agents/agent_core.py:16: error: Cannot find implementation or library stub for module named "langchain_core.callbacks"  [import-not-found]
langgraph_agent/agents/agent_core.py:17: error: Cannot find implementation or library stub for module named "langgraph.graph"  [import-not-found]
langgraph_agent/agents/agent_core.py:18: error: Cannot find implementation or library stub for module named "langgraph.checkpoint.postgres"  [import-not-found]
langgraph_agent/agents/agent_core.py:19: error: Cannot find implementation or library stub for module named "langgraph.prebuilt"  [import-not-found]
langgraph_agent/agents/agent_core.py:21: error: Cannot find implementation or library stub for module named ".core.models"  [import-not-found]
langgraph_agent/agents/agent_core.py:27: error: Cannot find implementation or library stub for module named ".core.constants"  [import-not-found]
langgraph_agent/agents/agent_core.py:34: error: Cannot find implementation or library stub for module named ".graph.state"  [import-not-found]
langgraph_agent/agents/agent_core.py:213: error: Cannot find implementation or library stub for module named ".graph.app"  [import-not-found]
langgraph_agent/agents/memory_manager.py:17: error: Cannot find implementation or library stub for module named "graphiti_core"  [import-not-found]
langgraph_agent/agents/memory_manager.py:18: error: Cannot find implementation or library stub for module named "graphiti_core.nodes"  [import-not-found]
langgraph_agent/agents/memory_manager.py:19: error: Cannot find implementation or library stub for module named "graphiti_core.search.search_config_recipes"  [import-not-found]
langgraph_agent/agents/memory_manager.py:21: error: Cannot find implementation or library stub for module named ".core.constants"  [import-not-found]
langgraph_agent/agents/memory_manager.py:22: error: Cannot find implementation or library stub for module named ".core.models"  [import-not-found]
langgraph_agent/agents/rag_system.py:18: error: Cannot find implementation or library stub for module named "langchain_core.documents"  [import-not-found]
langgraph_agent/agents/rag_system.py:19: error: Cannot find implementation or library stub for module named "langchain_core.vectorstores"  [import-not-found]
langgraph_agent/agents/rag_system.py:20: error: Cannot find implementation or library stub for module named "langchain_core.embeddings"  [import-not-found]
langgraph_agent/agents/rag_system.py:21: error: Cannot find implementation or library stub for module named "langchain_text_splitters"  [import-not-found]
langgraph_agent/agents/rag_system.py:22: error: Cannot find implementation or library stub for module named "langchain_community.document_loaders"  [import-not-found]
langgraph_agent/agents/rag_system.py:29: error: Cannot find implementation or library stub for module named ".core.constants"  [import-not-found]
langgraph_agent/agents/rag_system.py:30: error: Cannot find implementation or library stub for module named ".core.models"  [import-not-found]
langgraph_agent/agents/tool_manager.py:18: error: Cannot find implementation or library stub for module named "langchain_core.tools"  [import-not-found]
langgraph_agent/agents/tool_manager.py:19: error: Cannot find implementation or library stub for module named "langchain_core.callbacks"  [import-not-found]
langgraph_agent/agents/tool_manager.py:21: error: Cannot find implementation or library stub for module named ".core.constants"  [import-not-found]
langgraph_agent/agents/tool_manager.py:22: error: Cannot find implementation or library stub for module named ".core.models"  [import-not-found]
langgraph_agent/evals/metrics.py:16: error: Cannot find implementation or library stub for module named "numpy"  [import-not-found]
langgraph_agent/graph/app.py:12: error: Cannot find implementation or library stub for module named "langgraph.graph"  [import-not-found]
langgraph_agent/graph/app.py:13: error: Cannot find implementation or library stub for module named "langgraph.checkpoint.postgres"  [import-not-found]
langgraph_agent/graph/app.py:14: error: Cannot find implementation or library stub for module named "langgraph.prebuilt"  [import-not-found]
langgraph_agent/graph/app.py:15: error: Cannot find implementation or library stub for module named "langchain_core.runnables"  [import-not-found]
langgraph_agent/graph/app.py:18: error: Cannot find implementation or library stub for module named ".core.constants"  [import-not-found]
langgraph_agent/graph/app.py:24: error: Cannot find implementation or library stub for module named ".core.models"  [import-not-found]
langgraph_agent/graph/state.py:10: error: Cannot find implementation or library stub for module named "langgraph.graph"  [import-not-found]
langgraph_agent/graph/state.py:12: error: Cannot find implementation or library stub for module named ".core.models"  [import-not-found]
langgraph_agent/core/models.py: error: Source file found twice under different module names: "models" and "langgraph_agent.core.models"
langgraph_agent/core/models.py: note: See https://mypy.readthedocs.io/en/stable/running_mypy.html#mapping-file-paths-to-modules for more info
langgraph_agent/core/models.py: note: Common resolutions include: a) adding `__init__.py` somewhere, b) using `--explicit-package-bases` or adjusting MYPYPATH
Found 89 errors in 36 files (errors prevented further checking)
bash: mypy: command not found
bash: mypy: command not found
